This file contains any messages produced by compilers while
running configure, to aid debugging if configure makes a mistake.

It was created by readline configure 5.2, which was
generated by GNU Autoconf 2.59.  Invocation command line was

  $ ./configure 

## --------- ##
## Platform. ##
## --------- ##

hostname = jocasta
uname -m = i686
uname -r = 2.6.31.1
uname -s = Linux
uname -v = #1 SMP PREEMPT Sun Oct 4 21:21:35 Local time zone must be set--s

/usr/bin/uname -p = Intel(R) Core(TM)2 Duo CPU T5750 @ 2.00GHz
/bin/uname -X     = unknown

/bin/arch              = unknown
/usr/bin/arch -k       = unknown
/usr/convex/getsysinfo = unknown
hostinfo               = unknown
/bin/machine           = unknown
/usr/bin/oslevel       = unknown
/bin/universe          = unknown

PATH: /home/fdeguzman/install/stumpwm/contrib
PATH: /home/fdeguzman/.gentoo/java-config-2/bin
PATH: /home/fdeguzman/install/Komodo-IDE-5/bin
PATH: /home/fdeguzman/install/bin
PATH: /usr/games/bin
PATH: /home/fdeguzman/install/stumpwm/contrib
PATH: /home/fdeguzman/.gentoo/java-config-2/bin
PATH: /home/fdeguzman/install/Komodo-IDE-5/bin
PATH: /home/fdeguzman/install/bin
PATH: /usr/games/bin
PATH: /usr/local/bin
PATH: /usr/bin
PATH: /bin
PATH: /opt/bin
PATH: /usr/i486-pc-linux-gnu/gcc-bin/4.1.2
PATH: /usr/i686-pc-linux-gnu/gcc-bin/4.4.1
PATH: /usr/games/bin
PATH: /opt/vmware/workstation/bin


## ----------- ##
## Core tests. ##
## ----------- ##

configure:1361: checking build system type
configure:1379: result: i686-pc-linux-gnu
configure:1387: checking host system type
configure:1401: result: i686-pc-linux-gnu
configure:1496: checking whether make sets $(MAKE)
configure:1516: result: yes
configure:1571: checking for gcc
configure:1587: found /usr/bin/gcc
configure:1597: result: gcc
configure:1841: checking for C compiler version
configure:1844: gcc --version </dev/null >&5
gcc (Gentoo 4.4.1 p1.0) 4.4.1
Copyright (C) 2009 Free Software Foundation, Inc.
This is free software; see the source for copying conditions.  There is NO
warranty; not even for MERCHANTABILITY or FITNESS FOR A PARTICULAR PURPOSE.

configure:1847: $? = 0
configure:1849: gcc -v </dev/null >&5
Using built-in specs.
Target: i686-pc-linux-gnu
Configured with: /var/tmp/portage/sys-devel/gcc-4.4.1/work/gcc-4.4.1/configure --prefix=/usr --bindir=/usr/i686-pc-linux-gnu/gcc-bin/4.4.1 --includedir=/usr/lib/gcc/i686-pc-linux-gnu/4.4.1/include --datadir=/usr/share/gcc-data/i686-pc-linux-gnu/4.4.1 --mandir=/usr/share/gcc-data/i686-pc-linux-gnu/4.4.1/man --infodir=/usr/share/gcc-data/i686-pc-linux-gnu/4.4.1/info --with-gxx-include-dir=/usr/lib/gcc/i686-pc-linux-gnu/4.4.1/include/g++-v4 --host=i686-pc-linux-gnu --build=i686-pc-linux-gnu --disable-altivec --disable-fixed-point --without-ppl --without-cloog --disable-nls --with-system-zlib --disable-checking --disable-werror --enable-secureplt --disable-multilib --enable-libmudflap --disable-libssp --enable-libgomp --enable-cld --with-python-dir=/share/gcc-data/i686-pc-linux-gnu/4.4.1/python --disable-libgcj --with-arch=i686 --enable-languages=c,c++,objc,fortran --enable-shared --enable-threads=posix --enable-__cxa_atexit --enable-clocale=gnu --with-bugurl=http://bugs.gentoo.org/ --with-pkgversion='Gentoo 4.4.1 p1.0'
Thread model: posix
gcc version 4.4.1 (Gentoo 4.4.1 p1.0) 
configure:1852: $? = 0
configure:1854: gcc -V </dev/null >&5
gcc: '-V' option must have argument
configure:1857: $? = 1
configure:1880: checking for C compiler default output file name
configure:1883: gcc -g   conftest.c  >&5
configure:1886: $? = 0
configure:1932: result: a.out
configure:1937: checking whether the C compiler works
configure:1943: ./a.out
configure:1946: $? = 0
configure:1963: result: yes
configure:1970: checking whether we are cross compiling
configure:1972: result: no
configure:1975: checking for suffix of executables
configure:1977: gcc -o conftest -g   conftest.c  >&5
configure:1980: $? = 0
configure:2005: result: 
configure:2011: checking for suffix of object files
configure:2032: gcc -c -g  conftest.c >&5
configure:2035: $? = 0
configure:2057: result: o
configure:2061: checking whether we are using the GNU C compiler
configure:2085: gcc -c -g  conftest.c >&5
configure:2091: $? = 0
configure:2095: test -z 
			 || test ! -s conftest.err
configure:2098: $? = 0
configure:2101: test -s conftest.o
configure:2104: $? = 0
configure:2117: result: yes
configure:2123: checking whether gcc accepts -g
configure:2144: gcc -c -g  conftest.c >&5
configure:2150: $? = 0
configure:2154: test -z 
			 || test ! -s conftest.err
configure:2157: $? = 0
configure:2160: test -s conftest.o
configure:2163: $? = 0
configure:2174: result: yes
configure:2191: checking for gcc option to accept ANSI C
configure:2261: gcc  -c -g  conftest.c >&5
configure:2267: $? = 0
configure:2271: test -z 
			 || test ! -s conftest.err
configure:2274: $? = 0
configure:2277: test -s conftest.o
configure:2280: $? = 0
configure:2298: result: none needed
configure:2316: gcc -c -g  conftest.c >&5
conftest.c:2: error: expected '=', ',', ';', 'asm' or '__attribute__' before 'me'
configure:2322: $? = 1
configure: failed program was:
| #ifndef __cplusplus
|   choke me
| #endif
configure:2461: checking how to run the C preprocessor
configure:2496: gcc -E  conftest.c
configure:2502: $? = 0
configure:2534: gcc -E  conftest.c
conftest.c:9:28: error: ac_nonexistent.h: No such file or directory
configure:2540: $? = 1
configure: failed program was:
| /* confdefs.h.  */
| 
| #define PACKAGE_NAME "readline"
| #define PACKAGE_TARNAME "readline"
| #define PACKAGE_VERSION "5.2"
| #define PACKAGE_STRING "readline 5.2"
| #define PACKAGE_BUGREPORT "bug-readline@gnu.org"
| /* end confdefs.h.  */
| #include <ac_nonexistent.h>
configure:2579: result: gcc -E
configure:2603: gcc -E  conftest.c
configure:2609: $? = 0
configure:2641: gcc -E  conftest.c
conftest.c:9:28: error: ac_nonexistent.h: No such file or directory
configure:2647: $? = 1
configure: failed program was:
| /* confdefs.h.  */
| 
| #define PACKAGE_NAME "readline"
| #define PACKAGE_TARNAME "readline"
| #define PACKAGE_VERSION "5.2"
| #define PACKAGE_STRING "readline 5.2"
| #define PACKAGE_BUGREPORT "bug-readline@gnu.org"
| /* end confdefs.h.  */
| #include <ac_nonexistent.h>
configure:2691: checking for egrep
configure:2701: result: grep -E
configure:2706: checking for ANSI C header files
configure:2731: gcc -c -g  conftest.c >&5
configure:2737: $? = 0
configure:2741: test -z 
			 || test ! -s conftest.err
configure:2744: $? = 0
configure:2747: test -s conftest.o
configure:2750: $? = 0
configure:2839: gcc -o conftest -g   conftest.c  >&5
conftest.c: In function 'main':
conftest.c:26: warning: incompatible implicit declaration of built-in function 'exit'
configure:2842: $? = 0
configure:2844: ./conftest
configure:2847: $? = 0
configure:2862: result: yes
configure:2886: checking for sys/types.h
configure:2902: gcc -c -g  conftest.c >&5
configure:2908: $? = 0
configure:2912: test -z 
			 || test ! -s conftest.err
configure:2915: $? = 0
configure:2918: test -s conftest.o
configure:2921: $? = 0
configure:2932: result: yes
configure:2886: checking for sys/stat.h
configure:2902: gcc -c -g  conftest.c >&5
configure:2908: $? = 0
configure:2912: test -z 
			 || test ! -s conftest.err
configure:2915: $? = 0
configure:2918: test -s conftest.o
configure:2921: $? = 0
configure:2932: result: yes
configure:2886: checking for stdlib.h
configure:2902: gcc -c -g  conftest.c >&5
configure:2908: $? = 0
configure:2912: test -z 
			 || test ! -s conftest.err
configure:2915: $? = 0
configure:2918: test -s conftest.o
configure:2921: $? = 0
configure:2932: result: yes
configure:2886: checking for string.h
configure:2902: gcc -c -g  conftest.c >&5
configure:2908: $? = 0
configure:2912: test -z 
			 || test ! -s conftest.err
configure:2915: $? = 0
configure:2918: test -s conftest.o
configure:2921: $? = 0
configure:2932: result: yes
configure:2886: checking for memory.h
configure:2902: gcc -c -g  conftest.c >&5
configure:2908: $? = 0
configure:2912: test -z 
			 || test ! -s conftest.err
configure:2915: $? = 0
configure:2918: test -s conftest.o
configure:2921: $? = 0
configure:2932: result: yes
configure:2886: checking for strings.h
configure:2902: gcc -c -g  conftest.c >&5
configure:2908: $? = 0
configure:2912: test -z 
			 || test ! -s conftest.err
configure:2915: $? = 0
configure:2918: test -s conftest.o
configure:2921: $? = 0
configure:2932: result: yes
configure:2886: checking for inttypes.h
configure:2902: gcc -c -g  conftest.c >&5
configure:2908: $? = 0
configure:2912: test -z 
			 || test ! -s conftest.err
configure:2915: $? = 0
configure:2918: test -s conftest.o
configure:2921: $? = 0
configure:2932: result: yes
configure:2886: checking for stdint.h
configure:2902: gcc -c -g  conftest.c >&5
configure:2908: $? = 0
configure:2912: test -z 
			 || test ! -s conftest.err
configure:2915: $? = 0
configure:2918: test -s conftest.o
configure:2921: $? = 0
configure:2932: result: yes
configure:2886: checking for unistd.h
configure:2902: gcc -c -g  conftest.c >&5
configure:2908: $? = 0
configure:2912: test -z 
			 || test ! -s conftest.err
configure:2915: $? = 0
configure:2918: test -s conftest.o
configure:2921: $? = 0
configure:2932: result: yes
configure:2954: checking minix/config.h usability
configure:2966: gcc -c -g  conftest.c >&5
conftest.c:53:26: error: minix/config.h: No such file or directory
configure:2972: $? = 1
configure: failed program was:
| /* confdefs.h.  */
| 
| #define PACKAGE_NAME "readline"
| #define PACKAGE_TARNAME "readline"
| #define PACKAGE_VERSION "5.2"
| #define PACKAGE_STRING "readline 5.2"
| #define PACKAGE_BUGREPORT "bug-readline@gnu.org"
| #define STDC_HEADERS 1
| #define HAVE_SYS_TYPES_H 1
| #define HAVE_SYS_STAT_H 1
| #define HAVE_STDLIB_H 1
| #define HAVE_STRING_H 1
| #define HAVE_MEMORY_H 1
| #define HAVE_STRINGS_H 1
| #define HAVE_INTTYPES_H 1
| #define HAVE_STDINT_H 1
| #define HAVE_UNISTD_H 1
| /* end confdefs.h.  */
| #include <stdio.h>
| #if HAVE_SYS_TYPES_H
| # include <sys/types.h>
| #endif
| #if HAVE_SYS_STAT_H
| # include <sys/stat.h>
| #endif
| #if STDC_HEADERS
| # include <stdlib.h>
| # include <stddef.h>
| #else
| # if HAVE_STDLIB_H
| #  include <stdlib.h>
| # endif
| #endif
| #if HAVE_STRING_H
| # if !STDC_HEADERS && HAVE_MEMORY_H
| #  include <memory.h>
| # endif
| # include <string.h>
| #endif
| #if HAVE_STRINGS_H
| # include <strings.h>
| #endif
| #if HAVE_INTTYPES_H
| # include <inttypes.h>
| #else
| # if HAVE_STDINT_H
| #  include <stdint.h>
| # endif
| #endif
| #if HAVE_UNISTD_H
| # include <unistd.h>
| #endif
| #include <minix/config.h>
configure:2995: result: no
configure:2999: checking minix/config.h presence
configure:3009: gcc -E  conftest.c
conftest.c:19:26: error: minix/config.h: No such file or directory
configure:3015: $? = 1
configure: failed program was:
| /* confdefs.h.  */
| 
| #define PACKAGE_NAME "readline"
| #define PACKAGE_TARNAME "readline"
| #define PACKAGE_VERSION "5.2"
| #define PACKAGE_STRING "readline 5.2"
| #define PACKAGE_BUGREPORT "bug-readline@gnu.org"
| #define STDC_HEADERS 1
| #define HAVE_SYS_TYPES_H 1
| #define HAVE_SYS_STAT_H 1
| #define HAVE_STDLIB_H 1
| #define HAVE_STRING_H 1
| #define HAVE_MEMORY_H 1
| #define HAVE_STRINGS_H 1
| #define HAVE_INTTYPES_H 1
| #define HAVE_STDINT_H 1
| #define HAVE_UNISTD_H 1
| /* end confdefs.h.  */
| #include <minix/config.h>
configure:3035: result: no
configure:3070: checking for minix/config.h
configure:3077: result: no
configure:3111: checking whether gcc needs -traditional
configure:3153: result: no
configure:3173: checking for a BSD-compatible install
configure:3228: result: /usr/bin/install -c
configure:3241: checking for ar
configure:3257: found /usr/bin/ar
configure:3268: result: ar
configure:3317: checking for ranlib
configure:3333: found /usr/bin/ranlib
configure:3344: result: ranlib
configure:3360: checking for an ANSI C-conforming const
configure:3427: gcc -c -g -O  conftest.c >&5
configure:3433: $? = 0
configure:3437: test -z 
			 || test ! -s conftest.err
configure:3440: $? = 0
configure:3443: test -s conftest.o
configure:3446: $? = 0
configure:3457: result: yes
configure:3467: checking for function prototypes
configure:3470: result: yes
configure:3488: checking whether char is unsigned
configure:3511: gcc -c -g -O  conftest.c >&5
configure:3517: $? = 0
configure:3521: test -z 
			 || test ! -s conftest.err
configure:3524: $? = 0
configure:3527: test -s conftest.o
configure:3530: $? = 0
configure:3541: result: no
configure:3551: checking return type of signal handlers
configure:3582: gcc -c -g -O  conftest.c >&5
configure:3588: $? = 0
configure:3592: test -z 
			 || test ! -s conftest.err
configure:3595: $? = 0
configure:3598: test -s conftest.o
configure:3601: $? = 0
configure:3612: result: void
configure:3621: checking for size_t
configure:3645: gcc -c -g -O  conftest.c >&5
configure:3651: $? = 0
configure:3655: test -z 
			 || test ! -s conftest.err
configure:3658: $? = 0
configure:3661: test -s conftest.o
configure:3664: $? = 0
configure:3675: result: yes
configure:3687: checking for ssize_t
configure:3711: gcc -c -g -O  conftest.c >&5
configure:3717: $? = 0
configure:3721: test -z 
			 || test ! -s conftest.err
configure:3724: $? = 0
configure:3727: test -s conftest.o
configure:3730: $? = 0
configure:3741: result: yes
configure:3754: checking for ANSI C header files
configure:3910: result: yes
configure:3921: checking whether stat file-mode macros are broken
configure:3969: result: no
configure:3987: checking for dirent.h that defines DIR
configure:4011: gcc -c -g -O  conftest.c >&5
configure:4017: $? = 0
configure:4021: test -z 
			 || test ! -s conftest.err
configure:4024: $? = 0
configure:4027: test -s conftest.o
configure:4030: $? = 0
configure:4041: result: yes
configure:4054: checking for library containing opendir
configure:4084: gcc -o conftest -g -O   conftest.c  >&5
configure:4090: $? = 0
configure:4094: test -z 
			 || test ! -s conftest.err
configure:4097: $? = 0
configure:4100: test -s conftest
configure:4103: $? = 0
configure:4173: result: none required
configure:4316: checking for fcntl
configure:4373: gcc -o conftest -g -O   conftest.c  >&5
configure:4379: $? = 0
configure:4383: test -z 
			 || test ! -s conftest.err
configure:4386: $? = 0
configure:4389: test -s conftest
configure:4392: $? = 0
configure:4404: result: yes
configure:4316: checking for kill
configure:4373: gcc -o conftest -g -O   conftest.c  >&5
configure:4379: $? = 0
configure:4383: test -z 
			 || test ! -s conftest.err
configure:4386: $? = 0
configure:4389: test -s conftest
configure:4392: $? = 0
configure:4404: result: yes
configure:4316: checking for lstat
configure:4373: gcc -o conftest -g -O   conftest.c  >&5
configure:4379: $? = 0
configure:4383: test -z 
			 || test ! -s conftest.err
configure:4386: $? = 0
configure:4389: test -s conftest
configure:4392: $? = 0
configure:4404: result: yes
configure:4427: checking for memmove
configure:4484: gcc -o conftest -g -O   conftest.c  >&5
conftest.c:51: warning: conflicting types for built-in function 'memmove'
configure:4490: $? = 0
configure:4494: test -z 
			 || test ! -s conftest.err
configure:4497: $? = 0
configure:4500: test -s conftest
configure:4503: $? = 0
configure:4515: result: yes
configure:4427: checking for putenv
configure:4484: gcc -o conftest -g -O   conftest.c  >&5
configure:4490: $? = 0
configure:4494: test -z 
			 || test ! -s conftest.err
configure:4497: $? = 0
configure:4500: test -s conftest
configure:4503: $? = 0
configure:4515: result: yes
configure:4427: checking for select
configure:4484: gcc -o conftest -g -O   conftest.c  >&5
configure:4490: $? = 0
configure:4494: test -z 
			 || test ! -s conftest.err
configure:4497: $? = 0
configure:4500: test -s conftest
configure:4503: $? = 0
configure:4515: result: yes
configure:4427: checking for setenv
configure:4484: gcc -o conftest -g -O   conftest.c  >&5
configure:4490: $? = 0
configure:4494: test -z 
			 || test ! -s conftest.err
configure:4497: $? = 0
configure:4500: test -s conftest
configure:4503: $? = 0
configure:4515: result: yes
configure:4427: checking for setlocale
configure:4484: gcc -o conftest -g -O   conftest.c  >&5
configure:4490: $? = 0
configure:4494: test -z 
			 || test ! -s conftest.err
configure:4497: $? = 0
configure:4500: test -s conftest
configure:4503: $? = 0
configure:4515: result: yes
configure:4427: checking for strcasecmp
configure:4484: gcc -o conftest -g -O   conftest.c  >&5
conftest.c:56: warning: conflicting types for built-in function 'strcasecmp'
configure:4490: $? = 0
configure:4494: test -z 
			 || test ! -s conftest.err
configure:4497: $? = 0
configure:4500: test -s conftest
configure:4503: $? = 0
configure:4515: result: yes
configure:4427: checking for strpbrk
configure:4484: gcc -o conftest -g -O   conftest.c  >&5
conftest.c:57: warning: conflicting types for built-in function 'strpbrk'
configure:4490: $? = 0
configure:4494: test -z 
			 || test ! -s conftest.err
configure:4497: $? = 0
configure:4500: test -s conftest
configure:4503: $? = 0
configure:4515: result: yes
configure:4427: checking for tcgetattr
configure:4484: gcc -o conftest -g -O   conftest.c  >&5
configure:4490: $? = 0
configure:4494: test -z 
			 || test ! -s conftest.err
configure:4497: $? = 0
configure:4500: test -s conftest
configure:4503: $? = 0
configure:4515: result: yes
configure:4427: checking for vsnprintf
configure:4484: gcc -o conftest -g -O   conftest.c  >&5
conftest.c:59: warning: conflicting types for built-in function 'vsnprintf'
configure:4490: $? = 0
configure:4494: test -z 
			 || test ! -s conftest.err
configure:4497: $? = 0
configure:4500: test -s conftest
configure:4503: $? = 0
configure:4515: result: yes
configure:4530: checking for isascii
configure:4587: gcc -o conftest -g -O   conftest.c  >&5
conftest.c:60: warning: conflicting types for built-in function 'isascii'
configure:4593: $? = 0
configure:4597: test -z 
			 || test ! -s conftest.err
configure:4600: $? = 0
configure:4603: test -s conftest
configure:4606: $? = 0
configure:4618: result: yes
configure:4530: checking for isxdigit
configure:4587: gcc -o conftest -g -O   conftest.c  >&5
conftest.c:61: warning: conflicting types for built-in function 'isxdigit'
configure:4593: $? = 0
configure:4597: test -z 
			 || test ! -s conftest.err
configure:4600: $? = 0
configure:4603: test -s conftest
configure:4606: $? = 0
configure:4618: result: yes
configure:4634: checking for getpwent
configure:4691: gcc -o conftest -g -O   conftest.c  >&5
configure:4697: $? = 0
configure:4701: test -z 
			 || test ! -s conftest.err
configure:4704: $? = 0
configure:4707: test -s conftest
configure:4710: $? = 0
configure:4722: result: yes
configure:4634: checking for getpwnam
configure:4691: gcc -o conftest -g -O   conftest.c  >&5
configure:4697: $? = 0
configure:4701: test -z 
			 || test ! -s conftest.err
configure:4704: $? = 0
configure:4707: test -s conftest
configure:4710: $? = 0
configure:4722: result: yes
configure:4634: checking for getpwuid
configure:4691: gcc -o conftest -g -O   conftest.c  >&5
configure:4697: $? = 0
configure:4701: test -z 
			 || test ! -s conftest.err
configure:4704: $? = 0
configure:4707: test -s conftest
configure:4710: $? = 0
configure:4722: result: yes
configure:4733: checking for working strcoll
configure:4759: gcc -o conftest -g -O   conftest.c  >&5
configure:4762: $? = 0
configure:4764: ./conftest
configure:4767: $? = 0
configure:4781: result: yes
configure:4820: checking fcntl.h usability
configure:4832: gcc -c -g -O  conftest.c >&5
configure:4838: $? = 0
configure:4842: test -z 
			 || test ! -s conftest.err
configure:4845: $? = 0
configure:4848: test -s conftest.o
configure:4851: $? = 0
configure:4861: result: yes
configure:4865: checking fcntl.h presence
configure:4875: gcc -E  conftest.c
configure:4881: $? = 0
configure:4901: result: yes
configure:4936: checking for fcntl.h
configure:4943: result: yes
configure:4811: checking for unistd.h
configure:4816: result: yes
configure:4811: checking for stdlib.h
configure:4816: result: yes
configure:4820: checking varargs.h usability
configure:4832: gcc -c -g -O  conftest.c >&5
In file included from conftest.c:79:
/usr/lib/gcc/i686-pc-linux-gnu/4.4.1/include/varargs.h:4:2: error: #error "GCC no longer implements <varargs.h>."
/usr/lib/gcc/i686-pc-linux-gnu/4.4.1/include/varargs.h:5:2: error: #error "Revise your code to use <stdarg.h>."
configure:4838: $? = 1
configure: failed program was:
| /* confdefs.h.  */
| 
| #define PACKAGE_NAME "readline"
| #define PACKAGE_TARNAME "readline"
| #define PACKAGE_VERSION "5.2"
| #define PACKAGE_STRING "readline 5.2"
| #define PACKAGE_BUGREPORT "bug-readline@gnu.org"
| #define STDC_HEADERS 1
| #define HAVE_SYS_TYPES_H 1
| #define HAVE_SYS_STAT_H 1
| #define HAVE_STDLIB_H 1
| #define HAVE_STRING_H 1
| #define HAVE_MEMORY_H 1
| #define HAVE_STRINGS_H 1
| #define HAVE_INTTYPES_H 1
| #define HAVE_STDINT_H 1
| #define HAVE_UNISTD_H 1
| #define PROTOTYPES 1
| #define __PROTOTYPES 1
| #define RETSIGTYPE void
| #define STDC_HEADERS 1
| #define HAVE_DIRENT_H 1
| #define HAVE_FCNTL 1
| #define HAVE_KILL 1
| #define HAVE_LSTAT 1
| #define HAVE_MEMMOVE 1
| #define HAVE_PUTENV 1
| #define HAVE_SELECT 1
| #define HAVE_SETENV 1
| #define HAVE_SETLOCALE 1
| #define HAVE_STRCASECMP 1
| #define HAVE_STRPBRK 1
| #define HAVE_TCGETATTR 1
| #define HAVE_VSNPRINTF 1
| #define HAVE_ISASCII 1
| #define HAVE_ISXDIGIT 1
| #define HAVE_GETPWENT 1
| #define HAVE_GETPWNAM 1
| #define HAVE_GETPWUID 1
| #define HAVE_STRCOLL 1
| #define HAVE_FCNTL_H 1
| #define HAVE_UNISTD_H 1
| #define HAVE_STDLIB_H 1
| /* end confdefs.h.  */
| #include <stdio.h>
| #if HAVE_SYS_TYPES_H
| # include <sys/types.h>
| #endif
| #if HAVE_SYS_STAT_H
| # include <sys/stat.h>
| #endif
| #if STDC_HEADERS
| # include <stdlib.h>
| # include <stddef.h>
| #else
| # if HAVE_STDLIB_H
| #  include <stdlib.h>
| # endif
| #endif
| #if HAVE_STRING_H
| # if !STDC_HEADERS && HAVE_MEMORY_H
| #  include <memory.h>
| # endif
| # include <string.h>
| #endif
| #if HAVE_STRINGS_H
| # include <strings.h>
| #endif
| #if HAVE_INTTYPES_H
| # include <inttypes.h>
| #else
| # if HAVE_STDINT_H
| #  include <stdint.h>
| # endif
| #endif
| #if HAVE_UNISTD_H
| # include <unistd.h>
| #endif
| #include <varargs.h>
configure:4861: result: no
configure:4865: checking varargs.h presence
configure:4875: gcc -E  conftest.c
In file included from conftest.c:45:
/usr/lib/gcc/i686-pc-linux-gnu/4.4.1/include/varargs.h:4:2: error: #error "GCC no longer implements <varargs.h>."
/usr/lib/gcc/i686-pc-linux-gnu/4.4.1/include/varargs.h:5:2: error: #error "Revise your code to use <stdarg.h>."
configure:4881: $? = 1
configure: failed program was:
| /* confdefs.h.  */
| 
| #define PACKAGE_NAME "readline"
| #define PACKAGE_TARNAME "readline"
| #define PACKAGE_VERSION "5.2"
| #define PACKAGE_STRING "readline 5.2"
| #define PACKAGE_BUGREPORT "bug-readline@gnu.org"
| #define STDC_HEADERS 1
| #define HAVE_SYS_TYPES_H 1
| #define HAVE_SYS_STAT_H 1
| #define HAVE_STDLIB_H 1
| #define HAVE_STRING_H 1
| #define HAVE_MEMORY_H 1
| #define HAVE_STRINGS_H 1
| #define HAVE_INTTYPES_H 1
| #define HAVE_STDINT_H 1
| #define HAVE_UNISTD_H 1
| #define PROTOTYPES 1
| #define __PROTOTYPES 1
| #define RETSIGTYPE void
| #define STDC_HEADERS 1
| #define HAVE_DIRENT_H 1
| #define HAVE_FCNTL 1
| #define HAVE_KILL 1
| #define HAVE_LSTAT 1
| #define HAVE_MEMMOVE 1
| #define HAVE_PUTENV 1
| #define HAVE_SELECT 1
| #define HAVE_SETENV 1
| #define HAVE_SETLOCALE 1
| #define HAVE_STRCASECMP 1
| #define HAVE_STRPBRK 1
| #define HAVE_TCGETATTR 1
| #define HAVE_VSNPRINTF 1
| #define HAVE_ISASCII 1
| #define HAVE_ISXDIGIT 1
| #define HAVE_GETPWENT 1
| #define HAVE_GETPWNAM 1
| #define HAVE_GETPWUID 1
| #define HAVE_STRCOLL 1
| #define HAVE_FCNTL_H 1
| #define HAVE_UNISTD_H 1
| #define HAVE_STDLIB_H 1
| /* end confdefs.h.  */
| #include <varargs.h>
configure:4901: result: no
configure:4936: checking for varargs.h
configure:4943: result: no
configure:4820: checking stdarg.h usability
configure:4832: gcc -c -g -O  conftest.c >&5
configure:4838: $? = 0
configure:4842: test -z 
			 || test ! -s conftest.err
configure:4845: $? = 0
configure:4848: test -s conftest.o
configure:4851: $? = 0
configure:4861: result: yes
configure:4865: checking stdarg.h presence
configure:4875: gcc -E  conftest.c
configure:4881: $? = 0
configure:4901: result: yes
configure:4936: checking for stdarg.h
configure:4943: result: yes
configure:4811: checking for string.h
configure:4816: result: yes
configure:4811: checking for strings.h
configure:4816: result: yes
configure:4820: checking limits.h usability
configure:4832: gcc -c -g -O  conftest.c >&5
configure:4838: $? = 0
configure:4842: test -z 
			 || test ! -s conftest.err
configure:4845: $? = 0
configure:4848: test -s conftest.o
configure:4851: $? = 0
configure:4861: result: yes
configure:4865: checking limits.h presence
configure:4875: gcc -E  conftest.c
configure:4881: $? = 0
configure:4901: result: yes
configure:4936: checking for limits.h
configure:4943: result: yes
configure:4820: checking locale.h usability
configure:4832: gcc -c -g -O  conftest.c >&5
configure:4838: $? = 0
configure:4842: test -z 
			 || test ! -s conftest.err
configure:4845: $? = 0
configure:4848: test -s conftest.o
configure:4851: $? = 0
configure:4861: result: yes
configure:4865: checking locale.h presence
configure:4875: gcc -E  conftest.c
configure:4881: $? = 0
configure:4901: result: yes
configure:4936: checking for locale.h
configure:4943: result: yes
configure:4820: checking pwd.h usability
configure:4832: gcc -c -g -O  conftest.c >&5
configure:4838: $? = 0
configure:4842: test -z 
			 || test ! -s conftest.err
configure:4845: $? = 0
configure:4848: test -s conftest.o
configure:4851: $? = 0
configure:4861: result: yes
configure:4865: checking pwd.h presence
configure:4875: gcc -E  conftest.c
configure:4881: $? = 0
configure:4901: result: yes
configure:4936: checking for pwd.h
configure:4943: result: yes
configure:4811: checking for memory.h
configure:4816: result: yes
configure:4820: checking termcap.h usability
configure:4832: gcc -c -g -O  conftest.c >&5
configure:4838: $? = 0
configure:4842: test -z 
			 || test ! -s conftest.err
configure:4845: $? = 0
configure:4848: test -s conftest.o
configure:4851: $? = 0
configure:4861: result: yes
configure:4865: checking termcap.h presence
configure:4875: gcc -E  conftest.c
configure:4881: $? = 0
configure:4901: result: yes
configure:4936: checking for termcap.h
configure:4943: result: yes
configure:4820: checking termios.h usability
configure:4832: gcc -c -g -O  conftest.c >&5
configure:4838: $? = 0
configure:4842: test -z 
			 || test ! -s conftest.err
configure:4845: $? = 0
configure:4848: test -s conftest.o
configure:4851: $? = 0
configure:4861: result: yes
configure:4865: checking termios.h presence
configure:4875: gcc -E  conftest.c
configure:4881: $? = 0
configure:4901: result: yes
configure:4936: checking for termios.h
configure:4943: result: yes
configure:4820: checking termio.h usability
configure:4832: gcc -c -g -O  conftest.c >&5
configure:4838: $? = 0
configure:4842: test -z 
			 || test ! -s conftest.err
configure:4845: $? = 0
configure:4848: test -s conftest.o
configure:4851: $? = 0
configure:4861: result: yes
configure:4865: checking termio.h presence
configure:4875: gcc -E  conftest.c
configure:4881: $? = 0
configure:4901: result: yes
configure:4936: checking for termio.h
configure:4943: result: yes
configure:4973: checking sys/pte.h usability
configure:4985: gcc -c -g -O  conftest.c >&5
conftest.c:89:21: error: sys/pte.h: No such file or directory
configure:4991: $? = 1
configure: failed program was:
| /* confdefs.h.  */
| 
| #define PACKAGE_NAME "readline"
| #define PACKAGE_TARNAME "readline"
| #define PACKAGE_VERSION "5.2"
| #define PACKAGE_STRING "readline 5.2"
| #define PACKAGE_BUGREPORT "bug-readline@gnu.org"
| #define STDC_HEADERS 1
| #define HAVE_SYS_TYPES_H 1
| #define HAVE_SYS_STAT_H 1
| #define HAVE_STDLIB_H 1
| #define HAVE_STRING_H 1
| #define HAVE_MEMORY_H 1
| #define HAVE_STRINGS_H 1
| #define HAVE_INTTYPES_H 1
| #define HAVE_STDINT_H 1
| #define HAVE_UNISTD_H 1
| #define PROTOTYPES 1
| #define __PROTOTYPES 1
| #define RETSIGTYPE void
| #define STDC_HEADERS 1
| #define HAVE_DIRENT_H 1
| #define HAVE_FCNTL 1
| #define HAVE_KILL 1
| #define HAVE_LSTAT 1
| #define HAVE_MEMMOVE 1
| #define HAVE_PUTENV 1
| #define HAVE_SELECT 1
| #define HAVE_SETENV 1
| #define HAVE_SETLOCALE 1
| #define HAVE_STRCASECMP 1
| #define HAVE_STRPBRK 1
| #define HAVE_TCGETATTR 1
| #define HAVE_VSNPRINTF 1
| #define HAVE_ISASCII 1
| #define HAVE_ISXDIGIT 1
| #define HAVE_GETPWENT 1
| #define HAVE_GETPWNAM 1
| #define HAVE_GETPWUID 1
| #define HAVE_STRCOLL 1
| #define HAVE_FCNTL_H 1
| #define HAVE_UNISTD_H 1
| #define HAVE_STDLIB_H 1
| #define HAVE_STDARG_H 1
| #define HAVE_STRING_H 1
| #define HAVE_STRINGS_H 1
| #define HAVE_LIMITS_H 1
| #define HAVE_LOCALE_H 1
| #define HAVE_PWD_H 1
| #define HAVE_MEMORY_H 1
| #define HAVE_TERMCAP_H 1
| #define HAVE_TERMIOS_H 1
| #define HAVE_TERMIO_H 1
| /* end confdefs.h.  */
| #include <stdio.h>
| #if HAVE_SYS_TYPES_H
| # include <sys/types.h>
| #endif
| #if HAVE_SYS_STAT_H
| # include <sys/stat.h>
| #endif
| #if STDC_HEADERS
| # include <stdlib.h>
| # include <stddef.h>
| #else
| # if HAVE_STDLIB_H
| #  include <stdlib.h>
| # endif
| #endif
| #if HAVE_STRING_H
| # if !STDC_HEADERS && HAVE_MEMORY_H
| #  include <memory.h>
| # endif
| # include <string.h>
| #endif
| #if HAVE_STRINGS_H
| # include <strings.h>
| #endif
| #if HAVE_INTTYPES_H
| # include <inttypes.h>
| #else
| # if HAVE_STDINT_H
| #  include <stdint.h>
| # endif
| #endif
| #if HAVE_UNISTD_H
| # include <unistd.h>
| #endif
| #include <sys/pte.h>
configure:5014: result: no
configure:5018: checking sys/pte.h presence
configure:5028: gcc -E  conftest.c
conftest.c:55:21: error: sys/pte.h: No such file or directory
configure:5034: $? = 1
configure: failed program was:
| /* confdefs.h.  */
| 
| #define PACKAGE_NAME "readline"
| #define PACKAGE_TARNAME "readline"
| #define PACKAGE_VERSION "5.2"
| #define PACKAGE_STRING "readline 5.2"
| #define PACKAGE_BUGREPORT "bug-readline@gnu.org"
| #define STDC_HEADERS 1
| #define HAVE_SYS_TYPES_H 1
| #define HAVE_SYS_STAT_H 1
| #define HAVE_STDLIB_H 1
| #define HAVE_STRING_H 1
| #define HAVE_MEMORY_H 1
| #define HAVE_STRINGS_H 1
| #define HAVE_INTTYPES_H 1
| #define HAVE_STDINT_H 1
| #define HAVE_UNISTD_H 1
| #define PROTOTYPES 1
| #define __PROTOTYPES 1
| #define RETSIGTYPE void
| #define STDC_HEADERS 1
| #define HAVE_DIRENT_H 1
| #define HAVE_FCNTL 1
| #define HAVE_KILL 1
| #define HAVE_LSTAT 1
| #define HAVE_MEMMOVE 1
| #define HAVE_PUTENV 1
| #define HAVE_SELECT 1
| #define HAVE_SETENV 1
| #define HAVE_SETLOCALE 1
| #define HAVE_STRCASECMP 1
| #define HAVE_STRPBRK 1
| #define HAVE_TCGETATTR 1
| #define HAVE_VSNPRINTF 1
| #define HAVE_ISASCII 1
| #define HAVE_ISXDIGIT 1
| #define HAVE_GETPWENT 1
| #define HAVE_GETPWNAM 1
| #define HAVE_GETPWUID 1
| #define HAVE_STRCOLL 1
| #define HAVE_FCNTL_H 1
| #define HAVE_UNISTD_H 1
| #define HAVE_STDLIB_H 1
| #define HAVE_STDARG_H 1
| #define HAVE_STRING_H 1
| #define HAVE_STRINGS_H 1
| #define HAVE_LIMITS_H 1
| #define HAVE_LOCALE_H 1
| #define HAVE_PWD_H 1
| #define HAVE_MEMORY_H 1
| #define HAVE_TERMCAP_H 1
| #define HAVE_TERMIOS_H 1
| #define HAVE_TERMIO_H 1
| /* end confdefs.h.  */
| #include <sys/pte.h>
configure:5054: result: no
configure:5089: checking for sys/pte.h
configure:5096: result: no
configure:4973: checking sys/stream.h usability
configure:4985: gcc -c -g -O  conftest.c >&5
conftest.c:89:24: error: sys/stream.h: No such file or directory
configure:4991: $? = 1
configure: failed program was:
| /* confdefs.h.  */
| 
| #define PACKAGE_NAME "readline"
| #define PACKAGE_TARNAME "readline"
| #define PACKAGE_VERSION "5.2"
| #define PACKAGE_STRING "readline 5.2"
| #define PACKAGE_BUGREPORT "bug-readline@gnu.org"
| #define STDC_HEADERS 1
| #define HAVE_SYS_TYPES_H 1
| #define HAVE_SYS_STAT_H 1
| #define HAVE_STDLIB_H 1
| #define HAVE_STRING_H 1
| #define HAVE_MEMORY_H 1
| #define HAVE_STRINGS_H 1
| #define HAVE_INTTYPES_H 1
| #define HAVE_STDINT_H 1
| #define HAVE_UNISTD_H 1
| #define PROTOTYPES 1
| #define __PROTOTYPES 1
| #define RETSIGTYPE void
| #define STDC_HEADERS 1
| #define HAVE_DIRENT_H 1
| #define HAVE_FCNTL 1
| #define HAVE_KILL 1
| #define HAVE_LSTAT 1
| #define HAVE_MEMMOVE 1
| #define HAVE_PUTENV 1
| #define HAVE_SELECT 1
| #define HAVE_SETENV 1
| #define HAVE_SETLOCALE 1
| #define HAVE_STRCASECMP 1
| #define HAVE_STRPBRK 1
| #define HAVE_TCGETATTR 1
| #define HAVE_VSNPRINTF 1
| #define HAVE_ISASCII 1
| #define HAVE_ISXDIGIT 1
| #define HAVE_GETPWENT 1
| #define HAVE_GETPWNAM 1
| #define HAVE_GETPWUID 1
| #define HAVE_STRCOLL 1
| #define HAVE_FCNTL_H 1
| #define HAVE_UNISTD_H 1
| #define HAVE_STDLIB_H 1
| #define HAVE_STDARG_H 1
| #define HAVE_STRING_H 1
| #define HAVE_STRINGS_H 1
| #define HAVE_LIMITS_H 1
| #define HAVE_LOCALE_H 1
| #define HAVE_PWD_H 1
| #define HAVE_MEMORY_H 1
| #define HAVE_TERMCAP_H 1
| #define HAVE_TERMIOS_H 1
| #define HAVE_TERMIO_H 1
| /* end confdefs.h.  */
| #include <stdio.h>
| #if HAVE_SYS_TYPES_H
| # include <sys/types.h>
| #endif
| #if HAVE_SYS_STAT_H
| # include <sys/stat.h>
| #endif
| #if STDC_HEADERS
| # include <stdlib.h>
| # include <stddef.h>
| #else
| # if HAVE_STDLIB_H
| #  include <stdlib.h>
| # endif
| #endif
| #if HAVE_STRING_H
| # if !STDC_HEADERS && HAVE_MEMORY_H
| #  include <memory.h>
| # endif
| # include <string.h>
| #endif
| #if HAVE_STRINGS_H
| # include <strings.h>
| #endif
| #if HAVE_INTTYPES_H
| # include <inttypes.h>
| #else
| # if HAVE_STDINT_H
| #  include <stdint.h>
| # endif
| #endif
| #if HAVE_UNISTD_H
| # include <unistd.h>
| #endif
| #include <sys/stream.h>
configure:5014: result: no
configure:5018: checking sys/stream.h presence
configure:5028: gcc -E  conftest.c
conftest.c:55:24: error: sys/stream.h: No such file or directory
configure:5034: $? = 1
configure: failed program was:
| /* confdefs.h.  */
| 
| #define PACKAGE_NAME "readline"
| #define PACKAGE_TARNAME "readline"
| #define PACKAGE_VERSION "5.2"
| #define PACKAGE_STRING "readline 5.2"
| #define PACKAGE_BUGREPORT "bug-readline@gnu.org"
| #define STDC_HEADERS 1
| #define HAVE_SYS_TYPES_H 1
| #define HAVE_SYS_STAT_H 1
| #define HAVE_STDLIB_H 1
| #define HAVE_STRING_H 1
| #define HAVE_MEMORY_H 1
| #define HAVE_STRINGS_H 1
| #define HAVE_INTTYPES_H 1
| #define HAVE_STDINT_H 1
| #define HAVE_UNISTD_H 1
| #define PROTOTYPES 1
| #define __PROTOTYPES 1
| #define RETSIGTYPE void
| #define STDC_HEADERS 1
| #define HAVE_DIRENT_H 1
| #define HAVE_FCNTL 1
| #define HAVE_KILL 1
| #define HAVE_LSTAT 1
| #define HAVE_MEMMOVE 1
| #define HAVE_PUTENV 1
| #define HAVE_SELECT 1
| #define HAVE_SETENV 1
| #define HAVE_SETLOCALE 1
| #define HAVE_STRCASECMP 1
| #define HAVE_STRPBRK 1
| #define HAVE_TCGETATTR 1
| #define HAVE_VSNPRINTF 1
| #define HAVE_ISASCII 1
| #define HAVE_ISXDIGIT 1
| #define HAVE_GETPWENT 1
| #define HAVE_GETPWNAM 1
| #define HAVE_GETPWUID 1
| #define HAVE_STRCOLL 1
| #define HAVE_FCNTL_H 1
| #define HAVE_UNISTD_H 1
| #define HAVE_STDLIB_H 1
| #define HAVE_STDARG_H 1
| #define HAVE_STRING_H 1
| #define HAVE_STRINGS_H 1
| #define HAVE_LIMITS_H 1
| #define HAVE_LOCALE_H 1
| #define HAVE_PWD_H 1
| #define HAVE_MEMORY_H 1
| #define HAVE_TERMCAP_H 1
| #define HAVE_TERMIOS_H 1
| #define HAVE_TERMIO_H 1
| /* end confdefs.h.  */
| #include <sys/stream.h>
configure:5054: result: no
configure:5089: checking for sys/stream.h
configure:5096: result: no
configure:4973: checking sys/select.h usability
configure:4985: gcc -c -g -O  conftest.c >&5
configure:4991: $? = 0
configure:4995: test -z 
			 || test ! -s conftest.err
configure:4998: $? = 0
configure:5001: test -s conftest.o
configure:5004: $? = 0
configure:5014: result: yes
configure:5018: checking sys/select.h presence
configure:5028: gcc -E  conftest.c
configure:5034: $? = 0
configure:5054: result: yes
configure:5089: checking for sys/select.h
configure:5096: result: yes
configure:4973: checking sys/file.h usability
configure:4985: gcc -c -g -O  conftest.c >&5
configure:4991: $? = 0
configure:4995: test -z 
			 || test ! -s conftest.err
configure:4998: $? = 0
configure:5001: test -s conftest.o
configure:5004: $? = 0
configure:5014: result: yes
configure:5018: checking sys/file.h presence
configure:5028: gcc -E  conftest.c
configure:5034: $? = 0
configure:5054: result: yes
configure:5089: checking for sys/file.h
configure:5096: result: yes
configure:5114: checking for sys/ptem.h
configure:5134: gcc -c -g -O  conftest.c >&5
conftest.c:63:22: error: sys/ptem.h: No such file or directory
configure:5140: $? = 1
configure: failed program was:
| /* confdefs.h.  */
| 
| #define PACKAGE_NAME "readline"
| #define PACKAGE_TARNAME "readline"
| #define PACKAGE_VERSION "5.2"
| #define PACKAGE_STRING "readline 5.2"
| #define PACKAGE_BUGREPORT "bug-readline@gnu.org"
| #define STDC_HEADERS 1
| #define HAVE_SYS_TYPES_H 1
| #define HAVE_SYS_STAT_H 1
| #define HAVE_STDLIB_H 1
| #define HAVE_STRING_H 1
| #define HAVE_MEMORY_H 1
| #define HAVE_STRINGS_H 1
| #define HAVE_INTTYPES_H 1
| #define HAVE_STDINT_H 1
| #define HAVE_UNISTD_H 1
| #define PROTOTYPES 1
| #define __PROTOTYPES 1
| #define RETSIGTYPE void
| #define STDC_HEADERS 1
| #define HAVE_DIRENT_H 1
| #define HAVE_FCNTL 1
| #define HAVE_KILL 1
| #define HAVE_LSTAT 1
| #define HAVE_MEMMOVE 1
| #define HAVE_PUTENV 1
| #define HAVE_SELECT 1
| #define HAVE_SETENV 1
| #define HAVE_SETLOCALE 1
| #define HAVE_STRCASECMP 1
| #define HAVE_STRPBRK 1
| #define HAVE_TCGETATTR 1
| #define HAVE_VSNPRINTF 1
| #define HAVE_ISASCII 1
| #define HAVE_ISXDIGIT 1
| #define HAVE_GETPWENT 1
| #define HAVE_GETPWNAM 1
| #define HAVE_GETPWUID 1
| #define HAVE_STRCOLL 1
| #define HAVE_FCNTL_H 1
| #define HAVE_UNISTD_H 1
| #define HAVE_STDLIB_H 1
| #define HAVE_STDARG_H 1
| #define HAVE_STRING_H 1
| #define HAVE_STRINGS_H 1
| #define HAVE_LIMITS_H 1
| #define HAVE_LOCALE_H 1
| #define HAVE_PWD_H 1
| #define HAVE_MEMORY_H 1
| #define HAVE_TERMCAP_H 1
| #define HAVE_TERMIOS_H 1
| #define HAVE_TERMIO_H 1
| #define HAVE_SYS_SELECT_H 1
| #define HAVE_SYS_FILE_H 1
| /* end confdefs.h.  */
| 
| #if HAVE_SYS_STREAM_H
| #  include <sys/stream.h>
| #endif
| 
| 
| #include <sys/ptem.h>
configure:5164: result: no
configure:5177: checking for type of signal functions
configure:5205: gcc -o conftest -g -O   conftest.c  >&5
configure:5211: $? = 0
configure:5215: test -z 
			 || test ! -s conftest.err
configure:5218: $? = 0
configure:5221: test -s conftest
configure:5224: $? = 0
configure:5342: result: posix
configure:5363: checking if signal handlers must be reinstalled when invoked
configure:5426: gcc -o conftest -g -O   conftest.c  >&5
conftest.c: In function 'main':
conftest.c:99: warning: incompatible implicit declaration of built-in function 'exit'
configure:5429: $? = 0
configure:5431: ./conftest
configure:5434: $? = 0
configure:5449: result: no
configure:5460: checking for presence of POSIX-style sigsetjmp/siglongjmp
configure:5517: gcc -o conftest -g -O   conftest.c  >&5
conftest.c: In function 'main':
conftest.c:85: warning: incompatible implicit declaration of built-in function 'exit'
configure:5520: $? = 0
configure:5522: ./conftest
configure:5525: $? = 0
configure:5540: result: present
configure:5549: checking for lstat
configure:5573: gcc -o conftest -g -O   conftest.c  >&5
configure:5579: $? = 0
configure:5583: test -z 
			 || test ! -s conftest.err
configure:5586: $? = 0
configure:5589: test -s conftest
configure:5592: $? = 0
configure:5604: result: yes
configure:5614: checking whether or not strcoll and strcmp differ
configure:5669: gcc -o conftest -g -O   conftest.c  >&5
conftest.c: In function 'main':
conftest.c:93: warning: incompatible implicit declaration of built-in function 'exit'
configure:5672: $? = 0
configure:5674: ./conftest
configure:5677: $? = 1
configure: program exited with status 1
configure: failed program was:
| /* confdefs.h.  */
| 
| #define PACKAGE_NAME "readline"
| #define PACKAGE_TARNAME "readline"
| #define PACKAGE_VERSION "5.2"
| #define PACKAGE_STRING "readline 5.2"
| #define PACKAGE_BUGREPORT "bug-readline@gnu.org"
| #define STDC_HEADERS 1
| #define HAVE_SYS_TYPES_H 1
| #define HAVE_SYS_STAT_H 1
| #define HAVE_STDLIB_H 1
| #define HAVE_STRING_H 1
| #define HAVE_MEMORY_H 1
| #define HAVE_STRINGS_H 1
| #define HAVE_INTTYPES_H 1
| #define HAVE_STDINT_H 1
| #define HAVE_UNISTD_H 1
| #define PROTOTYPES 1
| #define __PROTOTYPES 1
| #define RETSIGTYPE void
| #define STDC_HEADERS 1
| #define HAVE_DIRENT_H 1
| #define HAVE_FCNTL 1
| #define HAVE_KILL 1
| #define HAVE_LSTAT 1
| #define HAVE_MEMMOVE 1
| #define HAVE_PUTENV 1
| #define HAVE_SELECT 1
| #define HAVE_SETENV 1
| #define HAVE_SETLOCALE 1
| #define HAVE_STRCASECMP 1
| #define HAVE_STRPBRK 1
| #define HAVE_TCGETATTR 1
| #define HAVE_VSNPRINTF 1
| #define HAVE_ISASCII 1
| #define HAVE_ISXDIGIT 1
| #define HAVE_GETPWENT 1
| #define HAVE_GETPWNAM 1
| #define HAVE_GETPWUID 1
| #define HAVE_STRCOLL 1
| #define HAVE_FCNTL_H 1
| #define HAVE_UNISTD_H 1
| #define HAVE_STDLIB_H 1
| #define HAVE_STDARG_H 1
| #define HAVE_STRING_H 1
| #define HAVE_STRINGS_H 1
| #define HAVE_LIMITS_H 1
| #define HAVE_LOCALE_H 1
| #define HAVE_PWD_H 1
| #define HAVE_MEMORY_H 1
| #define HAVE_TERMCAP_H 1
| #define HAVE_TERMIOS_H 1
| #define HAVE_TERMIO_H 1
| #define HAVE_SYS_SELECT_H 1
| #define HAVE_SYS_FILE_H 1
| #define HAVE_POSIX_SIGNALS 1
| #define HAVE_POSIX_SIGSETJMP 1
| #define HAVE_LSTAT 1
| /* end confdefs.h.  */
| 
| #include <stdio.h>
| #if defined (HAVE_LOCALE_H)
| #include <locale.h>
| #endif
| 
| main(c, v)
| int     c;
| char    *v[];
| {
|         int     r1, r2;
|         char    *deflocale, *defcoll;
| 
| #ifdef HAVE_SETLOCALE
|         deflocale = setlocale(LC_ALL, "");
| 	defcoll = setlocale(LC_COLLATE, "");
| #endif
| 
| #ifdef HAVE_STRCOLL
| 	/* These two values are taken from tests/glob-test. */
|         r1 = strcoll("abd", "aXd");
| #else
| 	r1 = 0;
| #endif
|         r2 = strcmp("abd", "aXd");
| 
| 	/* These two should both be greater than 0.  It is permissible for
| 	   a system to return different values, as long as the sign is the
| 	   same. */
| 
|         /* Exit with 1 (failure) if these two values are both > 0, since
| 	   this tests whether strcoll(3) is broken with respect to strcmp(3)
| 	   in the default locale. */
| 	exit (r1 > 0 && r2 > 0);
| }
| 
configure:5692: result: no
configure:5702: checking whether the ctype macros accept non-ascii characters
configure:5752: gcc -o conftest -g -O   conftest.c  >&5
conftest.c: In function 'main':
conftest.c:88: warning: incompatible implicit declaration of built-in function 'exit'
configure:5755: $? = 0
configure:5757: ./conftest
configure:5760: $? = 0
configure:5775: result: yes
configure:5785: checking whether getpw functions are declared in pwd.h
configure:5814: result: yes
configure:5824: checking whether termios.h defines TIOCGWINSZ
configure:5851: result: no
configure:5855: checking whether sys/ioctl.h defines TIOCGWINSZ
configure:5882: result: yes
configure:5895: checking whether signal handlers are of type void
configure:5924: gcc -c -g -O  conftest.c >&5
configure:5930: $? = 0
configure:5934: test -z 
			 || test ! -s conftest.err
configure:5937: $? = 0
configure:5940: test -s conftest.o
configure:5943: $? = 0
configure:5954: result: yes
configure:5963: checking for TIOCSTAT in sys/ioctl.h
configure:5985: gcc -c -g -O  conftest.c >&5
conftest.c: In function 'main':
conftest.c:69: error: 'TIOCSTAT' undeclared (first use in this function)
conftest.c:69: error: (Each undeclared identifier is reported only once
conftest.c:69: error: for each function it appears in.)
configure:5991: $? = 1
configure: failed program was:
| /* confdefs.h.  */
| 
| #define PACKAGE_NAME "readline"
| #define PACKAGE_TARNAME "readline"
| #define PACKAGE_VERSION "5.2"
| #define PACKAGE_STRING "readline 5.2"
| #define PACKAGE_BUGREPORT "bug-readline@gnu.org"
| #define STDC_HEADERS 1
| #define HAVE_SYS_TYPES_H 1
| #define HAVE_SYS_STAT_H 1
| #define HAVE_STDLIB_H 1
| #define HAVE_STRING_H 1
| #define HAVE_MEMORY_H 1
| #define HAVE_STRINGS_H 1
| #define HAVE_INTTYPES_H 1
| #define HAVE_STDINT_H 1
| #define HAVE_UNISTD_H 1
| #define PROTOTYPES 1
| #define __PROTOTYPES 1
| #define RETSIGTYPE void
| #define STDC_HEADERS 1
| #define HAVE_DIRENT_H 1
| #define HAVE_FCNTL 1
| #define HAVE_KILL 1
| #define HAVE_LSTAT 1
| #define HAVE_MEMMOVE 1
| #define HAVE_PUTENV 1
| #define HAVE_SELECT 1
| #define HAVE_SETENV 1
| #define HAVE_SETLOCALE 1
| #define HAVE_STRCASECMP 1
| #define HAVE_STRPBRK 1
| #define HAVE_TCGETATTR 1
| #define HAVE_VSNPRINTF 1
| #define HAVE_ISASCII 1
| #define HAVE_ISXDIGIT 1
| #define HAVE_GETPWENT 1
| #define HAVE_GETPWNAM 1
| #define HAVE_GETPWUID 1
| #define HAVE_STRCOLL 1
| #define HAVE_FCNTL_H 1
| #define HAVE_UNISTD_H 1
| #define HAVE_STDLIB_H 1
| #define HAVE_STDARG_H 1
| #define HAVE_STRING_H 1
| #define HAVE_STRINGS_H 1
| #define HAVE_LIMITS_H 1
| #define HAVE_LOCALE_H 1
| #define HAVE_PWD_H 1
| #define HAVE_MEMORY_H 1
| #define HAVE_TERMCAP_H 1
| #define HAVE_TERMIOS_H 1
| #define HAVE_TERMIO_H 1
| #define HAVE_SYS_SELECT_H 1
| #define HAVE_SYS_FILE_H 1
| #define HAVE_POSIX_SIGNALS 1
| #define HAVE_POSIX_SIGSETJMP 1
| #define HAVE_LSTAT 1
| #define CTYPE_NON_ASCII 1
| #define HAVE_GETPW_DECLS 1
| #define GWINSZ_IN_SYS_IOCTL 1
| #define VOID_SIGHANDLER 1
| /* end confdefs.h.  */
| #include <sys/types.h>
| #include <sys/ioctl.h>
| int
| main ()
| {
| int x = TIOCSTAT;
|   ;
|   return 0;
| }
configure:6016: result: no
configure:6025: checking for FIONREAD in sys/ioctl.h
configure:6047: gcc -c -g -O  conftest.c >&5
configure:6053: $? = 0
configure:6057: test -z 
			 || test ! -s conftest.err
configure:6060: $? = 0
configure:6063: test -s conftest.o
configure:6066: $? = 0
configure:6078: result: yes
configure:6087: checking for speed_t in sys/types.h
configure:6108: gcc -c -g -O  conftest.c >&5
conftest.c: In function 'main':
conftest.c:69: error: 'speed_t' undeclared (first use in this function)
conftest.c:69: error: (Each undeclared identifier is reported only once
conftest.c:69: error: for each function it appears in.)
conftest.c:69: error: expected ';' before 'x'
configure:6114: $? = 1
configure: failed program was:
| /* confdefs.h.  */
| 
| #define PACKAGE_NAME "readline"
| #define PACKAGE_TARNAME "readline"
| #define PACKAGE_VERSION "5.2"
| #define PACKAGE_STRING "readline 5.2"
| #define PACKAGE_BUGREPORT "bug-readline@gnu.org"
| #define STDC_HEADERS 1
| #define HAVE_SYS_TYPES_H 1
| #define HAVE_SYS_STAT_H 1
| #define HAVE_STDLIB_H 1
| #define HAVE_STRING_H 1
| #define HAVE_MEMORY_H 1
| #define HAVE_STRINGS_H 1
| #define HAVE_INTTYPES_H 1
| #define HAVE_STDINT_H 1
| #define HAVE_UNISTD_H 1
| #define PROTOTYPES 1
| #define __PROTOTYPES 1
| #define RETSIGTYPE void
| #define STDC_HEADERS 1
| #define HAVE_DIRENT_H 1
| #define HAVE_FCNTL 1
| #define HAVE_KILL 1
| #define HAVE_LSTAT 1
| #define HAVE_MEMMOVE 1
| #define HAVE_PUTENV 1
| #define HAVE_SELECT 1
| #define HAVE_SETENV 1
| #define HAVE_SETLOCALE 1
| #define HAVE_STRCASECMP 1
| #define HAVE_STRPBRK 1
| #define HAVE_TCGETATTR 1
| #define HAVE_VSNPRINTF 1
| #define HAVE_ISASCII 1
| #define HAVE_ISXDIGIT 1
| #define HAVE_GETPWENT 1
| #define HAVE_GETPWNAM 1
| #define HAVE_GETPWUID 1
| #define HAVE_STRCOLL 1
| #define HAVE_FCNTL_H 1
| #define HAVE_UNISTD_H 1
| #define HAVE_STDLIB_H 1
| #define HAVE_STDARG_H 1
| #define HAVE_STRING_H 1
| #define HAVE_STRINGS_H 1
| #define HAVE_LIMITS_H 1
| #define HAVE_LOCALE_H 1
| #define HAVE_PWD_H 1
| #define HAVE_MEMORY_H 1
| #define HAVE_TERMCAP_H 1
| #define HAVE_TERMIOS_H 1
| #define HAVE_TERMIO_H 1
| #define HAVE_SYS_SELECT_H 1
| #define HAVE_SYS_FILE_H 1
| #define HAVE_POSIX_SIGNALS 1
| #define HAVE_POSIX_SIGSETJMP 1
| #define HAVE_LSTAT 1
| #define CTYPE_NON_ASCII 1
| #define HAVE_GETPW_DECLS 1
| #define GWINSZ_IN_SYS_IOCTL 1
| #define VOID_SIGHANDLER 1
| #define FIONREAD_IN_SYS_IOCTL 1
| /* end confdefs.h.  */
| #include <sys/types.h>
| int
| main ()
| {
| speed_t x;
|   ;
|   return 0;
| }
configure:6139: result: no
configure:6148: checking for struct winsize in sys/ioctl.h and termios.h
configure:6170: gcc -c -g -O  conftest.c >&5
configure:6176: $? = 0
configure:6180: test -z 
			 || test ! -s conftest.err
configure:6183: $? = 0
configure:6186: test -s conftest.o
configure:6189: $? = 0
configure:6248: result: sys/ioctl.h
configure:6267: checking for struct dirent.d_ino
configure:6310: gcc -c -g -O  conftest.c >&5
configure:6316: $? = 0
configure:6320: test -z 
			 || test ! -s conftest.err
configure:6323: $? = 0
configure:6326: test -s conftest.o
configure:6329: $? = 0
configure:6341: result: yes
configure:6351: checking for struct dirent.d_fileno
configure:6394: gcc -c -g -O  conftest.c >&5
configure:6400: $? = 0
configure:6404: test -z 
			 || test ! -s conftest.err
configure:6407: $? = 0
configure:6410: test -s conftest.o
configure:6413: $? = 0
configure:6425: result: yes
configure:6449: checking for tgetent
configure:6506: gcc -o conftest -g -O   conftest.c  >&5
/tmp/ccyezO4F.o: In function `main':
/home/fdeguzman/environment/python/2.5/build/readline/rl/readline-5.2/readline-5.2/conftest.c:107: undefined reference to `tgetent'
/tmp/ccyezO4F.o:(.data+0x0): undefined reference to `tgetent'
collect2: ld returned 1 exit status
configure:6512: $? = 1
configure: failed program was:
| /* confdefs.h.  */
| 
| #define PACKAGE_NAME "readline"
| #define PACKAGE_TARNAME "readline"
| #define PACKAGE_VERSION "5.2"
| #define PACKAGE_STRING "readline 5.2"
| #define PACKAGE_BUGREPORT "bug-readline@gnu.org"
| #define STDC_HEADERS 1
| #define HAVE_SYS_TYPES_H 1
| #define HAVE_SYS_STAT_H 1
| #define HAVE_STDLIB_H 1
| #define HAVE_STRING_H 1
| #define HAVE_MEMORY_H 1
| #define HAVE_STRINGS_H 1
| #define HAVE_INTTYPES_H 1
| #define HAVE_STDINT_H 1
| #define HAVE_UNISTD_H 1
| #define PROTOTYPES 1
| #define __PROTOTYPES 1
| #define RETSIGTYPE void
| #define STDC_HEADERS 1
| #define HAVE_DIRENT_H 1
| #define HAVE_FCNTL 1
| #define HAVE_KILL 1
| #define HAVE_LSTAT 1
| #define HAVE_MEMMOVE 1
| #define HAVE_PUTENV 1
| #define HAVE_SELECT 1
| #define HAVE_SETENV 1
| #define HAVE_SETLOCALE 1
| #define HAVE_STRCASECMP 1
| #define HAVE_STRPBRK 1
| #define HAVE_TCGETATTR 1
| #define HAVE_VSNPRINTF 1
| #define HAVE_ISASCII 1
| #define HAVE_ISXDIGIT 1
| #define HAVE_GETPWENT 1
| #define HAVE_GETPWNAM 1
| #define HAVE_GETPWUID 1
| #define HAVE_STRCOLL 1
| #define HAVE_FCNTL_H 1
| #define HAVE_UNISTD_H 1
| #define HAVE_STDLIB_H 1
| #define HAVE_STDARG_H 1
| #define HAVE_STRING_H 1
| #define HAVE_STRINGS_H 1
| #define HAVE_LIMITS_H 1
| #define HAVE_LOCALE_H 1
| #define HAVE_PWD_H 1
| #define HAVE_MEMORY_H 1
| #define HAVE_TERMCAP_H 1
| #define HAVE_TERMIOS_H 1
| #define HAVE_TERMIO_H 1
| #define HAVE_SYS_SELECT_H 1
| #define HAVE_SYS_FILE_H 1
| #define HAVE_POSIX_SIGNALS 1
| #define HAVE_POSIX_SIGSETJMP 1
| #define HAVE_LSTAT 1
| #define CTYPE_NON_ASCII 1
| #define HAVE_GETPW_DECLS 1
| #define GWINSZ_IN_SYS_IOCTL 1
| #define VOID_SIGHANDLER 1
| #define FIONREAD_IN_SYS_IOCTL 1
| #define STRUCT_WINSIZE_IN_SYS_IOCTL 1
| #define HAVE_STRUCT_DIRENT_D_INO 1
| #define HAVE_STRUCT_DIRENT_D_FILENO 1
| /* end confdefs.h.  */
| /* Define tgetent to an innocuous variant, in case <limits.h> declares tgetent.
|    For example, HP-UX 11i <limits.h> declares gettimeofday.  */
| #define tgetent innocuous_tgetent
| 
| /* System header to define __stub macros and hopefully few prototypes,
|     which can conflict with char tgetent (); below.
|     Prefer <limits.h> to <assert.h> if __STDC__ is defined, since
|     <limits.h> exists even on freestanding compilers.  */
| 
| #ifdef __STDC__
| # include <limits.h>
| #else
| # include <assert.h>
| #endif
| 
| #undef tgetent
| 
| /* Override any gcc2 internal prototype to avoid an error.  */
| #ifdef __cplusplus
| extern "C"
| {
| #endif
| /* We use char because int might match the return type of a gcc2
|    builtin and then its argument prototype would still apply.  */
| char tgetent ();
| /* The GNU C library defines this for functions which it implements
|     to always fail with ENOSYS.  Some functions are actually named
|     something starting with __ and the normal name is an alias.  */
| #if defined (__stub_tgetent) || defined (__stub___tgetent)
| choke me
| #else
| char (*f) () = tgetent;
| #endif
| #ifdef __cplusplus
| }
| #endif
| 
| int
| main ()
| {
| return f != tgetent;
|   ;
|   return 0;
| }
configure:6537: result: no
configure:6542: checking for tgetent in -ltermcap
configure:6572: gcc -o conftest -g -O   conftest.c -ltermcap   >&5
/usr/lib/gcc/i686-pc-linux-gnu/4.4.1/../../../../i686-pc-linux-gnu/bin/ld: cannot find -ltermcap
collect2: ld returned 1 exit status
configure:6578: $? = 1
configure: failed program was:
| /* confdefs.h.  */
| 
| #define PACKAGE_NAME "readline"
| #define PACKAGE_TARNAME "readline"
| #define PACKAGE_VERSION "5.2"
| #define PACKAGE_STRING "readline 5.2"
| #define PACKAGE_BUGREPORT "bug-readline@gnu.org"
| #define STDC_HEADERS 1
| #define HAVE_SYS_TYPES_H 1
| #define HAVE_SYS_STAT_H 1
| #define HAVE_STDLIB_H 1
| #define HAVE_STRING_H 1
| #define HAVE_MEMORY_H 1
| #define HAVE_STRINGS_H 1
| #define HAVE_INTTYPES_H 1
| #define HAVE_STDINT_H 1
| #define HAVE_UNISTD_H 1
| #define PROTOTYPES 1
| #define __PROTOTYPES 1
| #define RETSIGTYPE void
| #define STDC_HEADERS 1
| #define HAVE_DIRENT_H 1
| #define HAVE_FCNTL 1
| #define HAVE_KILL 1
| #define HAVE_LSTAT 1
| #define HAVE_MEMMOVE 1
| #define HAVE_PUTENV 1
| #define HAVE_SELECT 1
| #define HAVE_SETENV 1
| #define HAVE_SETLOCALE 1
| #define HAVE_STRCASECMP 1
| #define HAVE_STRPBRK 1
| #define HAVE_TCGETATTR 1
| #define HAVE_VSNPRINTF 1
| #define HAVE_ISASCII 1
| #define HAVE_ISXDIGIT 1
| #define HAVE_GETPWENT 1
| #define HAVE_GETPWNAM 1
| #define HAVE_GETPWUID 1
| #define HAVE_STRCOLL 1
| #define HAVE_FCNTL_H 1
| #define HAVE_UNISTD_H 1
| #define HAVE_STDLIB_H 1
| #define HAVE_STDARG_H 1
| #define HAVE_STRING_H 1
| #define HAVE_STRINGS_H 1
| #define HAVE_LIMITS_H 1
| #define HAVE_LOCALE_H 1
| #define HAVE_PWD_H 1
| #define HAVE_MEMORY_H 1
| #define HAVE_TERMCAP_H 1
| #define HAVE_TERMIOS_H 1
| #define HAVE_TERMIO_H 1
| #define HAVE_SYS_SELECT_H 1
| #define HAVE_SYS_FILE_H 1
| #define HAVE_POSIX_SIGNALS 1
| #define HAVE_POSIX_SIGSETJMP 1
| #define HAVE_LSTAT 1
| #define CTYPE_NON_ASCII 1
| #define HAVE_GETPW_DECLS 1
| #define GWINSZ_IN_SYS_IOCTL 1
| #define VOID_SIGHANDLER 1
| #define FIONREAD_IN_SYS_IOCTL 1
| #define STRUCT_WINSIZE_IN_SYS_IOCTL 1
| #define HAVE_STRUCT_DIRENT_D_INO 1
| #define HAVE_STRUCT_DIRENT_D_FILENO 1
| /* end confdefs.h.  */
| 
| /* Override any gcc2 internal prototype to avoid an error.  */
| #ifdef __cplusplus
| extern "C"
| #endif
| /* We use char because int might match the return type of a gcc2
|    builtin and then its argument prototype would still apply.  */
| char tgetent ();
| int
| main ()
| {
| tgetent ();
|   ;
|   return 0;
| }
configure:6604: result: no
configure:6609: checking for tgetent in -ltinfo
configure:6639: gcc -o conftest -g -O   conftest.c -ltinfo   >&5
/usr/lib/gcc/i686-pc-linux-gnu/4.4.1/../../../../i686-pc-linux-gnu/bin/ld: cannot find -ltinfo
collect2: ld returned 1 exit status
configure:6645: $? = 1
configure: failed program was:
| /* confdefs.h.  */
| 
| #define PACKAGE_NAME "readline"
| #define PACKAGE_TARNAME "readline"
| #define PACKAGE_VERSION "5.2"
| #define PACKAGE_STRING "readline 5.2"
| #define PACKAGE_BUGREPORT "bug-readline@gnu.org"
| #define STDC_HEADERS 1
| #define HAVE_SYS_TYPES_H 1
| #define HAVE_SYS_STAT_H 1
| #define HAVE_STDLIB_H 1
| #define HAVE_STRING_H 1
| #define HAVE_MEMORY_H 1
| #define HAVE_STRINGS_H 1
| #define HAVE_INTTYPES_H 1
| #define HAVE_STDINT_H 1
| #define HAVE_UNISTD_H 1
| #define PROTOTYPES 1
| #define __PROTOTYPES 1
| #define RETSIGTYPE void
| #define STDC_HEADERS 1
| #define HAVE_DIRENT_H 1
| #define HAVE_FCNTL 1
| #define HAVE_KILL 1
| #define HAVE_LSTAT 1
| #define HAVE_MEMMOVE 1
| #define HAVE_PUTENV 1
| #define HAVE_SELECT 1
| #define HAVE_SETENV 1
| #define HAVE_SETLOCALE 1
| #define HAVE_STRCASECMP 1
| #define HAVE_STRPBRK 1
| #define HAVE_TCGETATTR 1
| #define HAVE_VSNPRINTF 1
| #define HAVE_ISASCII 1
| #define HAVE_ISXDIGIT 1
| #define HAVE_GETPWENT 1
| #define HAVE_GETPWNAM 1
| #define HAVE_GETPWUID 1
| #define HAVE_STRCOLL 1
| #define HAVE_FCNTL_H 1
| #define HAVE_UNISTD_H 1
| #define HAVE_STDLIB_H 1
| #define HAVE_STDARG_H 1
| #define HAVE_STRING_H 1
| #define HAVE_STRINGS_H 1
| #define HAVE_LIMITS_H 1
| #define HAVE_LOCALE_H 1
| #define HAVE_PWD_H 1
| #define HAVE_MEMORY_H 1
| #define HAVE_TERMCAP_H 1
| #define HAVE_TERMIOS_H 1
| #define HAVE_TERMIO_H 1
| #define HAVE_SYS_SELECT_H 1
| #define HAVE_SYS_FILE_H 1
| #define HAVE_POSIX_SIGNALS 1
| #define HAVE_POSIX_SIGSETJMP 1
| #define HAVE_LSTAT 1
| #define CTYPE_NON_ASCII 1
| #define HAVE_GETPW_DECLS 1
| #define GWINSZ_IN_SYS_IOCTL 1
| #define VOID_SIGHANDLER 1
| #define FIONREAD_IN_SYS_IOCTL 1
| #define STRUCT_WINSIZE_IN_SYS_IOCTL 1
| #define HAVE_STRUCT_DIRENT_D_INO 1
| #define HAVE_STRUCT_DIRENT_D_FILENO 1
| /* end confdefs.h.  */
| 
| /* Override any gcc2 internal prototype to avoid an error.  */
| #ifdef __cplusplus
| extern "C"
| #endif
| /* We use char because int might match the return type of a gcc2
|    builtin and then its argument prototype would still apply.  */
| char tgetent ();
| int
| main ()
| {
| tgetent ();
|   ;
|   return 0;
| }
configure:6671: result: no
configure:6676: checking for tgetent in -lcurses
configure:6706: gcc -o conftest -g -O   conftest.c -lcurses   >&5
configure:6712: $? = 0
configure:6716: test -z 
			 || test ! -s conftest.err
configure:6719: $? = 0
configure:6722: test -s conftest
configure:6725: $? = 0
configure:6738: result: yes
configure:6824: checking which library has the termcap functions
configure:6827: result: using libcurses
configure:6873: checking wctype.h usability
configure:6885: gcc -c -g -O  conftest.c >&5
configure:6891: $? = 0
configure:6895: test -z 
			 || test ! -s conftest.err
configure:6898: $? = 0
configure:6901: test -s conftest.o
configure:6904: $? = 0
configure:6914: result: yes
configure:6918: checking wctype.h presence
configure:6928: gcc -E  conftest.c
configure:6934: $? = 0
configure:6954: result: yes
configure:6989: checking for wctype.h
configure:6996: result: yes
configure:7023: checking wchar.h usability
configure:7035: gcc -c -g -O  conftest.c >&5
configure:7041: $? = 0
configure:7045: test -z 
			 || test ! -s conftest.err
configure:7048: $? = 0
configure:7051: test -s conftest.o
configure:7054: $? = 0
configure:7064: result: yes
configure:7068: checking wchar.h presence
configure:7078: gcc -E  conftest.c
configure:7084: $? = 0
configure:7104: result: yes
configure:7139: checking for wchar.h
configure:7146: result: yes
configure:7173: checking langinfo.h usability
configure:7185: gcc -c -g -O  conftest.c >&5
configure:7191: $? = 0
configure:7195: test -z 
			 || test ! -s conftest.err
configure:7198: $? = 0
configure:7201: test -s conftest.o
configure:7204: $? = 0
configure:7214: result: yes
configure:7218: checking langinfo.h presence
configure:7228: gcc -E  conftest.c
configure:7234: $? = 0
configure:7254: result: yes
configure:7289: checking for langinfo.h
configure:7296: result: yes
configure:7310: checking for mbsrtowcs
configure:7367: gcc -o conftest -g -O   conftest.c  >&5
configure:7373: $? = 0
configure:7377: test -z 
			 || test ! -s conftest.err
configure:7380: $? = 0
configure:7383: test -s conftest
configure:7386: $? = 0
configure:7398: result: yes
configure:7407: checking for mbrlen
configure:7464: gcc -o conftest -g -O   conftest.c  >&5
configure:7470: $? = 0
configure:7474: test -z 
			 || test ! -s conftest.err
configure:7477: $? = 0
configure:7480: test -s conftest
configure:7483: $? = 0
configure:7495: result: yes
configure:7505: checking for wcrtomb
configure:7562: gcc -o conftest -g -O   conftest.c  >&5
configure:7568: $? = 0
configure:7572: test -z 
			 || test ! -s conftest.err
configure:7575: $? = 0
configure:7578: test -s conftest
configure:7581: $? = 0
configure:7593: result: yes
configure:7602: checking for wcscoll
configure:7659: gcc -o conftest -g -O   conftest.c  >&5
configure:7665: $? = 0
configure:7669: test -z 
			 || test ! -s conftest.err
configure:7672: $? = 0
configure:7675: test -s conftest
configure:7678: $? = 0
configure:7690: result: yes
configure:7699: checking for wcsdup
configure:7756: gcc -o conftest -g -O   conftest.c  >&5
configure:7762: $? = 0
configure:7766: test -z 
			 || test ! -s conftest.err
configure:7769: $? = 0
configure:7772: test -s conftest
configure:7775: $? = 0
configure:7787: result: yes
configure:7796: checking for wcwidth
configure:7853: gcc -o conftest -g -O   conftest.c  >&5
configure:7859: $? = 0
configure:7863: test -z 
			 || test ! -s conftest.err
configure:7866: $? = 0
configure:7869: test -s conftest
configure:7872: $? = 0
configure:7884: result: yes
configure:7893: checking for wctype
configure:7950: gcc -o conftest -g -O   conftest.c  >&5
configure:7956: $? = 0
configure:7960: test -z 
			 || test ! -s conftest.err
configure:7963: $? = 0
configure:7966: test -s conftest
configure:7969: $? = 0
configure:7981: result: yes
configure:7992: checking whether mbrtowc and mbstate_t are properly declared
configure:8013: gcc -o conftest -g -O   conftest.c  >&5
configure:8019: $? = 0
configure:8023: test -z 
			 || test ! -s conftest.err
configure:8026: $? = 0
configure:8029: test -s conftest
configure:8032: $? = 0
configure:8044: result: yes
configure:8069: checking for iswlower
configure:8126: gcc -o conftest -g -O   conftest.c  >&5
conftest.c:104: warning: conflicting types for built-in function 'iswlower'
configure:8132: $? = 0
configure:8136: test -z 
			 || test ! -s conftest.err
configure:8139: $? = 0
configure:8142: test -s conftest
configure:8145: $? = 0
configure:8157: result: yes
configure:8069: checking for iswupper
configure:8126: gcc -o conftest -g -O   conftest.c  >&5
conftest.c:105: warning: conflicting types for built-in function 'iswupper'
configure:8132: $? = 0
configure:8136: test -z 
			 || test ! -s conftest.err
configure:8139: $? = 0
configure:8142: test -s conftest
configure:8145: $? = 0
configure:8157: result: yes
configure:8069: checking for towlower
configure:8126: gcc -o conftest -g -O   conftest.c  >&5
conftest.c:106: warning: conflicting types for built-in function 'towlower'
configure:8132: $? = 0
configure:8136: test -z 
			 || test ! -s conftest.err
configure:8139: $? = 0
configure:8142: test -s conftest
configure:8145: $? = 0
configure:8157: result: yes
configure:8069: checking for towupper
configure:8126: gcc -o conftest -g -O   conftest.c  >&5
conftest.c:107: warning: conflicting types for built-in function 'towupper'
configure:8132: $? = 0
configure:8136: test -z 
			 || test ! -s conftest.err
configure:8139: $? = 0
configure:8142: test -s conftest
configure:8145: $? = 0
configure:8157: result: yes
configure:8069: checking for iswctype
configure:8126: gcc -o conftest -g -O   conftest.c  >&5
configure:8132: $? = 0
configure:8136: test -z 
			 || test ! -s conftest.err
configure:8139: $? = 0
configure:8142: test -s conftest
configure:8145: $? = 0
configure:8157: result: yes
configure:8168: checking for nl_langinfo and CODESET
configure:8189: gcc -o conftest -g -O   conftest.c  >&5
configure:8195: $? = 0
configure:8199: test -z 
			 || test ! -s conftest.err
configure:8202: $? = 0
configure:8205: test -s conftest
configure:8208: $? = 0
configure:8220: result: yes
configure:8229: checking for wchar_t in wchar.h
configure:8254: gcc -c -g -O  conftest.c >&5
configure:8260: $? = 0
configure:8264: test -z 
			 || test ! -s conftest.err
configure:8267: $? = 0
configure:8270: test -s conftest.o
configure:8273: $? = 0
configure:8284: result: yes
configure:8294: checking for wctype_t in wctype.h
configure:8318: gcc -c -g -O  conftest.c >&5
configure:8324: $? = 0
configure:8328: test -z 
			 || test ! -s conftest.err
configure:8331: $? = 0
configure:8334: test -s conftest.o
configure:8337: $? = 0
configure:8348: result: yes
configure:8358: checking for wint_t in wctype.h
configure:8382: gcc -c -g -O  conftest.c >&5
configure:8388: $? = 0
configure:8392: test -z 
			 || test ! -s conftest.err
configure:8395: $? = 0
configure:8398: test -s conftest.o
configure:8401: $? = 0
configure:8412: result: yes
configure:8439: checking configuration for building shared libraries
configure:8463: result: supported
configure:8619: creating ./config.status

## ---------------------- ##
## Running config.status. ##
## ---------------------- ##

This file was extended by readline config.status 5.2, which was
generated by GNU Autoconf 2.59.  Invocation command line was

  CONFIG_FILES    = 
  CONFIG_HEADERS  = 
  CONFIG_LINKS    = 
  CONFIG_COMMANDS = 
  $ ./config.status 

on jocasta

config.status:701: creating Makefile
config.status:701: creating doc/Makefile
config.status:701: creating examples/Makefile
config.status:701: creating shlib/Makefile
config.status:805: creating config.h
config.status:1241: executing default commands

## ---------------- ##
## Cache variables. ##
## ---------------- ##

ac_cv_build=i686-pc-linux-gnu
ac_cv_build_alias=i686-pc-linux-gnu
ac_cv_c_char_unsigned=no
ac_cv_c_compiler_gnu=yes
ac_cv_c_const=yes
ac_cv_env_CC_set=
ac_cv_env_CC_value=
ac_cv_env_CFLAGS_set=
ac_cv_env_CFLAGS_value=
ac_cv_env_CPPFLAGS_set=
ac_cv_env_CPPFLAGS_value=
ac_cv_env_CPP_set=
ac_cv_env_CPP_value=
ac_cv_env_LDFLAGS_set=
ac_cv_env_LDFLAGS_value=
ac_cv_env_build_alias_set=
ac_cv_env_build_alias_value=
ac_cv_env_host_alias_set=
ac_cv_env_host_alias_value=
ac_cv_env_target_alias_set=
ac_cv_env_target_alias_value=
ac_cv_exeext=
ac_cv_func_fcntl=yes
ac_cv_func_getpwent=yes
ac_cv_func_getpwnam=yes
ac_cv_func_getpwuid=yes
ac_cv_func_isascii=yes
ac_cv_func_iswctype=yes
ac_cv_func_iswlower=yes
ac_cv_func_iswupper=yes
ac_cv_func_isxdigit=yes
ac_cv_func_kill=yes
ac_cv_func_lstat=yes
ac_cv_func_mbrlen=yes
ac_cv_func_mbrtowc=yes
ac_cv_func_mbsrtowcs=yes
ac_cv_func_memmove=yes
ac_cv_func_putenv=yes
ac_cv_func_select=yes
ac_cv_func_setenv=yes
ac_cv_func_setlocale=yes
ac_cv_func_strcasecmp=yes
ac_cv_func_strcoll_works=yes
ac_cv_func_strpbrk=yes
ac_cv_func_tcgetattr=yes
ac_cv_func_tgetent=no
ac_cv_func_towlower=yes
ac_cv_func_towupper=yes
ac_cv_func_vsnprintf=yes
ac_cv_func_wcrtomb=yes
ac_cv_func_wcscoll=yes
ac_cv_func_wcsdup=yes
ac_cv_func_wctype=yes
ac_cv_func_wcwidth=yes
ac_cv_header_dirent_dirent_h=yes
ac_cv_header_fcntl_h=yes
ac_cv_header_inttypes_h=yes
ac_cv_header_langinfo_h=yes
ac_cv_header_limits_h=yes
ac_cv_header_locale_h=yes
ac_cv_header_memory_h=yes
ac_cv_header_minix_config_h=no
ac_cv_header_pwd_h=yes
ac_cv_header_stat_broken=no
ac_cv_header_stdarg_h=yes
ac_cv_header_stdc=yes
ac_cv_header_stdint_h=yes
ac_cv_header_stdlib_h=yes
ac_cv_header_string_h=yes
ac_cv_header_strings_h=yes
ac_cv_header_sys_file_h=yes
ac_cv_header_sys_pte_h=no
ac_cv_header_sys_ptem_h=no
ac_cv_header_sys_select_h=yes
ac_cv_header_sys_stat_h=yes
ac_cv_header_sys_stream_h=no
ac_cv_header_sys_types_h=yes
ac_cv_header_termcap_h=yes
ac_cv_header_termio_h=yes
ac_cv_header_termios_h=yes
ac_cv_header_unistd_h=yes
ac_cv_header_varargs_h=no
ac_cv_header_wchar_h=yes
ac_cv_header_wctype_h=yes
ac_cv_host=i686-pc-linux-gnu
ac_cv_host_alias=i686-pc-linux-gnu
ac_cv_lib_curses_tgetent=yes
ac_cv_lib_termcap_tgetent=no
ac_cv_lib_tinfo_tgetent=no
ac_cv_objext=o
ac_cv_path_install='/usr/bin/install -c'
ac_cv_prog_AR=ar
ac_cv_prog_CPP='gcc -E'
ac_cv_prog_ac_ct_CC=gcc
ac_cv_prog_ac_ct_RANLIB=ranlib
ac_cv_prog_cc_g=yes
ac_cv_prog_cc_stdc=
ac_cv_prog_egrep='grep -E'
ac_cv_prog_gcc_traditional=no
ac_cv_prog_make_make_set=yes
ac_cv_search_opendir='none required'
ac_cv_sys_tiocgwinsz_in_sys_ioctl_h=yes
ac_cv_sys_tiocgwinsz_in_termios_h=no
ac_cv_type_signal=void
ac_cv_type_size_t=yes
ac_cv_type_ssize_t=yes
bash_cv_dirent_has_d_fileno=yes
bash_cv_dirent_has_dino=yes
bash_cv_fionread_in_ioctl=yes
bash_cv_func_ctype_nonascii=yes
bash_cv_func_lstat=yes
bash_cv_func_sigsetjmp=present
bash_cv_func_strcoll_broken=no
bash_cv_getpw_declared=yes
bash_cv_langinfo_codeset=yes
bash_cv_must_reinstall_sighandlers=no
bash_cv_signal_vintage=posix
bash_cv_speed_t_in_sys_types=no
bash_cv_struct_winsize_header=ioctl_h
bash_cv_termcap_lib=libcurses
bash_cv_tiocstat_in_ioctl=no
bash_cv_type_wchar_t=yes
bash_cv_type_wctype_t=yes
bash_cv_type_wint_t=yes
bash_cv_void_sighandler=yes

## ----------------- ##
## Output variables. ##
## ----------------- ##

AR='ar'
ARFLAGS='cr'
BUILD_DIR='/home/fdeguzman/environment/python/2.5/build/readline/rl/readline-5.2/readline-5.2'
CC='gcc'
CFLAGS='-g -O'
CPP='gcc -E'
CPPFLAGS=''
CROSS_COMPILE=''
DEFS='-DHAVE_CONFIG_H'
ECHO_C=''
ECHO_N='-n'
ECHO_T=''
EGREP='grep -E'
EXEEXT=''
INSTALL_DATA='${INSTALL} -m 644'
INSTALL_PROGRAM='${INSTALL}'
INSTALL_SCRIPT='${INSTALL}'
LDFLAGS=''
LIBOBJS=''
LIBS=''
LIBVERSION='5.2'
LOCAL_CFLAGS=''
LOCAL_DEFS=''
LOCAL_LDFLAGS=''
LTLIBOBJS=''
MAKE_SHELL='/bin/sh'
OBJEXT='o'
PACKAGE_BUGREPORT='bug-readline@gnu.org'
PACKAGE_NAME='readline'
PACKAGE_STRING='readline 5.2'
PACKAGE_TARNAME='readline'
PACKAGE_VERSION='5.2'
PATH_SEPARATOR=':'
PURIFY=''
RANLIB='ranlib'
SET_MAKE=''
SHARED_INSTALL_TARGET='install-shared'
SHARED_TARGET='shared'
SHELL='/bin/sh'
SHLIB_DLLVERSION='$(SHLIB_MAJOR)'
SHLIB_DOT='.'
SHLIB_LIBPREF='lib'
SHLIB_LIBS=''
SHLIB_LIBSUFF='so'
SHLIB_LIBVERSION='$(SHLIB_LIBSUFF).$(SHLIB_MAJOR)$(SHLIB_MINOR)'
SHLIB_MAJOR='5'
SHLIB_MINOR='2'
SHLIB_STATUS='supported'
SHLIB_XLDFLAGS='-Wl,-rpath,$(libdir) -Wl,-soname,`basename $@ $(SHLIB_MINOR)`'
SHOBJ_CC='gcc'
SHOBJ_CFLAGS='-fPIC'
SHOBJ_LD='${CC}'
SHOBJ_LDFLAGS='-shared -Wl,-soname,$@'
SHOBJ_LIBS=''
SHOBJ_STATUS='supported'
SHOBJ_XLDFLAGS=''
STATIC_INSTALL_TARGET='install-static'
STATIC_TARGET='static'
TERMCAP_LIB='-lcurses'
ac_ct_CC='gcc'
ac_ct_RANLIB='ranlib'
bindir='${exec_prefix}/bin'
build='i686-pc-linux-gnu'
build_alias=''
build_cpu='i686'
build_os='linux-gnu'
build_vendor='pc'
datadir='${prefix}/share'
exec_prefix='${prefix}'
host='i686-pc-linux-gnu'
host_alias=''
host_cpu='i686'
host_os='linux-gnu'
host_vendor='pc'
includedir='${prefix}/include'
infodir='${prefix}/info'
libdir='${exec_prefix}/lib'
libexecdir='${exec_prefix}/libexec'
localstatedir='${prefix}/var'
mandir='${prefix}/man'
oldincludedir='/usr/include'
prefix='/usr/local'
program_transform_name='s,x,x,'
sbindir='${exec_prefix}/sbin'
sharedstatedir='${prefix}/com'
sysconfdir='${prefix}/etc'
target_alias=''

## ----------- ##
## confdefs.h. ##
## ----------- ##

#define CTYPE_NON_ASCII 1
#define FIONREAD_IN_SYS_IOCTL 1
#define GWINSZ_IN_SYS_IOCTL 1
#define HAVE_DIRENT_H 1
#define HAVE_FCNTL 1
#define HAVE_FCNTL_H 1
#define HAVE_GETPWENT 1
#define HAVE_GETPWNAM 1
#define HAVE_GETPWUID 1
#define HAVE_GETPW_DECLS 1
#define HAVE_INTTYPES_H 1
#define HAVE_ISASCII 1
#define HAVE_ISWCTYPE 1
#define HAVE_ISWLOWER 1
#define HAVE_ISWUPPER 1
#define HAVE_ISXDIGIT 1
#define HAVE_KILL 1
#define HAVE_LANGINFO_CODESET 1
#define HAVE_LANGINFO_H 1
#define HAVE_LIMITS_H 1
#define HAVE_LOCALE_H 1
#define HAVE_LSTAT 1
#define HAVE_LSTAT 1
#define HAVE_MBRLEN 1
#define HAVE_MBRTOWC 1
#define HAVE_MBSRTOWCS 1
#define HAVE_MBSTATE_T 1
#define HAVE_MEMMOVE 1
#define HAVE_MEMORY_H 1
#define HAVE_MEMORY_H 1
#define HAVE_POSIX_SIGNALS 1
#define HAVE_POSIX_SIGSETJMP 1
#define HAVE_PUTENV 1
#define HAVE_PWD_H 1
#define HAVE_SELECT 1
#define HAVE_SETENV 1
#define HAVE_SETLOCALE 1
#define HAVE_STDARG_H 1
#define HAVE_STDINT_H 1
#define HAVE_STDLIB_H 1
#define HAVE_STDLIB_H 1
#define HAVE_STRCASECMP 1
#define HAVE_STRCOLL 1
#define HAVE_STRINGS_H 1
#define HAVE_STRINGS_H 1
#define HAVE_STRING_H 1
#define HAVE_STRING_H 1
#define HAVE_STRPBRK 1
#define HAVE_STRUCT_DIRENT_D_FILENO 1
#define HAVE_STRUCT_DIRENT_D_INO 1
#define HAVE_SYS_FILE_H 1
#define HAVE_SYS_SELECT_H 1
#define HAVE_SYS_STAT_H 1
#define HAVE_SYS_TYPES_H 1
#define HAVE_TCGETATTR 1
#define HAVE_TERMCAP_H 1
#define HAVE_TERMIOS_H 1
#define HAVE_TERMIO_H 1
#define HAVE_TOWLOWER 1
#define HAVE_TOWUPPER 1
#define HAVE_UNISTD_H 1
#define HAVE_UNISTD_H 1
#define HAVE_VSNPRINTF 1
#define HAVE_WCHAR_H 1
#define HAVE_WCHAR_T 1
#define HAVE_WCRTOMB 1
#define HAVE_WCSCOLL 1
#define HAVE_WCSDUP 1
#define HAVE_WCTYPE 1
#define HAVE_WCTYPE_H 1
#define HAVE_WCTYPE_T 1
#define HAVE_WCWIDTH 1
#define HAVE_WINT_T 1
#define PACKAGE_BUGREPORT "bug-readline@gnu.org"
#define PACKAGE_NAME "readline"
#define PACKAGE_STRING "readline 5.2"
#define PACKAGE_TARNAME "readline"
#define PACKAGE_VERSION "5.2"
#define PROTOTYPES 1
#define RETSIGTYPE void
#define STDC_HEADERS 1
#define STDC_HEADERS 1
#define STRUCT_WINSIZE_IN_SYS_IOCTL 1
#define VOID_SIGHANDLER 1
#define __PROTOTYPES 1

configure: exit 0
